<?xml version="1.0" encoding="UTF-8"?>
<testng-results skipped="0" failed="0" total="1" passed="1">
  <reporter-output>
  </reporter-output>
  <suite name="Default suite" duration-ms="115" started-at="2019-03-12T17:40:37Z" finished-at="2019-03-12T17:40:37Z">
    <groups>
    </groups>
    <test name="Default test" duration-ms="115" started-at="2019-03-12T17:40:37Z" finished-at="2019-03-12T17:40:37Z">
      <class name="dem.demo1">
        <test-method status="PASS" signature="b()[pri:0, instance:dem.demo1@d5c04e]" name="b" duration-ms="60" started-at="2019-03-12T23:10:37Z" finished-at="2019-03-12T23:10:37Z">
          <reporter-output>
          </reporter-output>
        </test-method> <!-- b -->
      </class> <!-- dem.demo1 -->
    </test> <!-- Default test -->
  </suite> <!-- Default suite -->
</testng-results>
