<?xml version="1.0" encoding="UTF-8"?>
<testng-results skipped="0" failed="0" total="1" passed="1">
  <reporter-output>
    <line>
      <![CDATA[hii]]>
    </line>
  </reporter-output>
  <suite name="Default suite" duration-ms="118" started-at="2019-03-02T18:49:05Z" finished-at="2019-03-02T18:49:05Z">
    <groups>
    </groups>
    <test name="Default test" duration-ms="118" started-at="2019-03-02T18:49:05Z" finished-at="2019-03-02T18:49:05Z">
      <class name="dem.Tes">
        <test-method status="PASS" signature="demo()[pri:0, instance:dem.Tes@6a03af]" name="demo" duration-ms="45" started-at="2019-03-03T00:19:05Z" finished-at="2019-03-03T00:19:05Z">
          <reporter-output>
            <line>
              <![CDATA[hii]]>
            </line>
          </reporter-output>
        </test-method> <!-- demo -->
      </class> <!-- dem.Tes -->
    </test> <!-- Default test -->
  </suite> <!-- Default suite -->
</testng-results>
